{"/Users/fabrizioarmandovitale/Documents/code/storage/src/clear.ts": {"path":"/Users/fabrizioarmandovitale/Documents/code/storage/src/clear.ts","statementMap":{"0":{"start":{"line":3,"column":0},"end":{"line":3,"column":46}},"1":{"start":{"line":6,"column":21},"end":{"line":6,"column":58}},"2":{"start":{"line":7,"column":18},"end":{"line":7,"column":50}},"3":{"start":{"line":9,"column":2},"end":{"line":13,"column":null}},"4":{"start":{"line":10,"column":4},"end":{"line":10,"column":25}},"5":{"start":{"line":12,"column":4},"end":{"line":12,"column":19}},"6":{"start":{"line":5,"column":0},"end":{"line":5,"column":16}}},"fnMap":{"0":{"name":"clear","decl":{"start":{"line":5,"column":16},"end":{"line":5,"column":21}},"loc":{"start":{"line":5,"column":53},"end":{"line":14,"column":1}}}},"branchMap":{"0":{"loc":{"start":{"line":6,"column":21},"end":{"line":6,"column":39}},"type":"binary-expr","locations":[{"start":{"line":6,"column":21},"end":{"line":6,"column":39}},{"start":{"line":6,"column":43},"end":{"line":6,"column":58}}]},"1":{"loc":{"start":{"line":6,"column":27},"end":{"line":6,"column":29}},"type":"cond-expr","locations":[{"start":{"line":6,"column":27},"end":{"line":6,"column":29}},{"start":{"line":6,"column":21},"end":{"line":6,"column":39}}]},"2":{"loc":{"start":{"line":6,"column":21},"end":{"line":6,"column":29}},"type":"binary-expr","locations":[{"start":{"line":6,"column":21},"end":{"line":6,"column":29}},{"start":{"line":6,"column":21},"end":{"line":6,"column":29}}]},"3":{"loc":{"start":{"line":7,"column":18},"end":{"line":7,"column":33}},"type":"binary-expr","locations":[{"start":{"line":7,"column":18},"end":{"line":7,"column":33}},{"start":{"line":7,"column":37},"end":{"line":7,"column":50}}]},"4":{"loc":{"start":{"line":7,"column":24},"end":{"line":7,"column":26}},"type":"cond-expr","locations":[{"start":{"line":7,"column":24},"end":{"line":7,"column":26}},{"start":{"line":7,"column":18},"end":{"line":7,"column":33}}]},"5":{"loc":{"start":{"line":7,"column":18},"end":{"line":7,"column":26}},"type":"binary-expr","locations":[{"start":{"line":7,"column":18},"end":{"line":7,"column":26}},{"start":{"line":7,"column":18},"end":{"line":7,"column":26}}]},"6":{"loc":{"start":{"line":12,"column":11},"end":{"line":12,"column":14}},"type":"cond-expr","locations":[{"start":{"line":12,"column":11},"end":{"line":12,"column":14}},{"start":{"line":12,"column":4},"end":{"line":12,"column":19}}]},"7":{"loc":{"start":{"line":12,"column":4},"end":{"line":12,"column":14}},"type":"binary-expr","locations":[{"start":{"line":12,"column":4},"end":{"line":12,"column":14}},{"start":{"line":12,"column":4},"end":{"line":12,"column":14}}]}},"s":{"0":0,"1":0,"2":0,"3":0,"4":0,"5":0,"6":0},"f":{"0":0},"b":{"0":[0,0],"1":[0,0],"2":[0,0],"3":[0,0],"4":[0,0],"5":[0,0],"6":[0,0],"7":[0,0]}}
,"/Users/fabrizioarmandovitale/Documents/code/storage/src/getItem.ts": {"path":"/Users/fabrizioarmandovitale/Documents/code/storage/src/getItem.ts","statementMap":{"0":{"start":{"line":2,"column":0},"end":{"line":2,"column":46}},"1":{"start":{"line":5,"column":21},"end":{"line":5,"column":58}},"2":{"start":{"line":6,"column":18},"end":{"line":6,"column":47}},"3":{"start":{"line":7,"column":18},"end":{"line":7,"column":50}},"4":{"start":{"line":10,"column":25},"end":{"line":10,"column":29}},"5":{"start":{"line":12,"column":2},"end":{"line":22,"column":null}},"6":{"start":{"line":13,"column":4},"end":{"line":13,"column":30}},"7":{"start":{"line":15,"column":38},"end":{"line":15,"column":58}},"8":{"start":{"line":17,"column":4},"end":{"line":19,"column":null}},"9":{"start":{"line":18,"column":6},"end":{"line":18,"column":35}},"10":{"start":{"line":21,"column":4},"end":{"line":21,"column":24}},"11":{"start":{"line":24,"column":2},"end":{"line":24,"column":16}},"12":{"start":{"line":4,"column":0},"end":{"line":4,"column":16}}},"fnMap":{"0":{"name":"getItem","decl":{"start":{"line":4,"column":16},"end":{"line":4,"column":23}},"loc":{"start":{"line":4,"column":65},"end":{"line":25,"column":1}}}},"branchMap":{"0":{"loc":{"start":{"line":5,"column":21},"end":{"line":5,"column":39}},"type":"binary-expr","locations":[{"start":{"line":5,"column":21},"end":{"line":5,"column":39}},{"start":{"line":5,"column":43},"end":{"line":5,"column":58}}]},"1":{"loc":{"start":{"line":5,"column":27},"end":{"line":5,"column":29}},"type":"cond-expr","locations":[{"start":{"line":5,"column":27},"end":{"line":5,"column":29}},{"start":{"line":5,"column":21},"end":{"line":5,"column":39}}]},"2":{"loc":{"start":{"line":5,"column":21},"end":{"line":5,"column":29}},"type":"binary-expr","locations":[{"start":{"line":5,"column":21},"end":{"line":5,"column":29}},{"start":{"line":5,"column":21},"end":{"line":5,"column":29}}]},"3":{"loc":{"start":{"line":6,"column":18},"end":{"line":6,"column":33}},"type":"binary-expr","locations":[{"start":{"line":6,"column":18},"end":{"line":6,"column":33}},{"start":{"line":6,"column":37},"end":{"line":6,"column":47}}]},"4":{"loc":{"start":{"line":6,"column":24},"end":{"line":6,"column":26}},"type":"cond-expr","locations":[{"start":{"line":6,"column":24},"end":{"line":6,"column":26}},{"start":{"line":6,"column":18},"end":{"line":6,"column":33}}]},"5":{"loc":{"start":{"line":6,"column":18},"end":{"line":6,"column":26}},"type":"binary-expr","locations":[{"start":{"line":6,"column":18},"end":{"line":6,"column":26}},{"start":{"line":6,"column":18},"end":{"line":6,"column":26}}]},"6":{"loc":{"start":{"line":7,"column":18},"end":{"line":7,"column":33}},"type":"binary-expr","locations":[{"start":{"line":7,"column":18},"end":{"line":7,"column":33}},{"start":{"line":7,"column":37},"end":{"line":7,"column":50}}]},"7":{"loc":{"start":{"line":7,"column":24},"end":{"line":7,"column":26}},"type":"cond-expr","locations":[{"start":{"line":7,"column":24},"end":{"line":7,"column":26}},{"start":{"line":7,"column":18},"end":{"line":7,"column":33}}]},"8":{"loc":{"start":{"line":7,"column":18},"end":{"line":7,"column":26}},"type":"binary-expr","locations":[{"start":{"line":7,"column":18},"end":{"line":7,"column":26}},{"start":{"line":7,"column":18},"end":{"line":7,"column":26}}]},"9":{"loc":{"start":{"line":17,"column":4},"end":{"line":19,"column":null}},"type":"if","locations":[{"start":{"line":17,"column":4},"end":{"line":19,"column":null}},{"start":{"line":17,"column":4},"end":{"line":19,"column":null}}]},"10":{"loc":{"start":{"line":21,"column":11},"end":{"line":21,"column":14}},"type":"cond-expr","locations":[{"start":{"line":21,"column":11},"end":{"line":21,"column":14}},{"start":{"line":21,"column":4},"end":{"line":21,"column":24}}]},"11":{"loc":{"start":{"line":21,"column":4},"end":{"line":21,"column":14}},"type":"binary-expr","locations":[{"start":{"line":21,"column":4},"end":{"line":21,"column":14}},{"start":{"line":21,"column":4},"end":{"line":21,"column":14}}]}},"s":{"0":0,"1":0,"2":0,"3":0,"4":0,"5":0,"6":0,"7":0,"8":0,"9":0,"10":0,"11":0,"12":0},"f":{"0":0},"b":{"0":[0,0],"1":[0,0],"2":[0,0],"3":[0,0],"4":[0,0],"5":[0,0],"6":[0,0],"7":[0,0],"8":[0,0],"9":[0,0],"10":[0,0],"11":[0,0]}}
,"/Users/fabrizioarmandovitale/Documents/code/storage/src/index.ts": {"path":"/Users/fabrizioarmandovitale/Documents/code/storage/src/index.ts","statementMap":{"0":{"start":{"line":1,"column":0},"end":{"line":1,"column":26}},"1":{"start":{"line":2,"column":0},"end":{"line":2,"column":26}},"2":{"start":{"line":3,"column":0},"end":{"line":3,"column":24}},"3":{"start":{"line":4,"column":0},"end":{"line":4,"column":28}},"4":{"start":{"line":5,"column":0},"end":{"line":5,"column":29}},"5":{"start":{"line":6,"column":0},"end":{"line":6,"column":24}},"6":{"start":{"line":7,"column":0},"end":{"line":7,"column":22}}},"fnMap":{},"branchMap":{},"s":{"0":0,"1":0,"2":0,"3":0,"4":0,"5":0,"6":0},"f":{},"b":{}}
,"/Users/fabrizioarmandovitale/Documents/code/storage/src/key.ts": {"path":"/Users/fabrizioarmandovitale/Documents/code/storage/src/key.ts","statementMap":{"0":{"start":{"line":2,"column":0},"end":{"line":2,"column":46}},"1":{"start":{"line":8,"column":21},"end":{"line":8,"column":58}},"2":{"start":{"line":9,"column":18},"end":{"line":9,"column":50}},"3":{"start":{"line":11,"column":2},"end":{"line":15,"column":null}},"4":{"start":{"line":12,"column":4},"end":{"line":12,"column":35}},"5":{"start":{"line":14,"column":4},"end":{"line":14,"column":19}},"6":{"start":{"line":17,"column":2},"end":{"line":17,"column":14}},"7":{"start":{"line":4,"column":0},"end":{"line":4,"column":16}}},"fnMap":{"0":{"name":"key","decl":{"start":{"line":4,"column":16},"end":{"line":4,"column":19}},"loc":{"start":{"line":6,"column":33},"end":{"line":18,"column":1}}}},"branchMap":{"0":{"loc":{"start":{"line":8,"column":21},"end":{"line":8,"column":39}},"type":"binary-expr","locations":[{"start":{"line":8,"column":21},"end":{"line":8,"column":39}},{"start":{"line":8,"column":43},"end":{"line":8,"column":58}}]},"1":{"loc":{"start":{"line":8,"column":27},"end":{"line":8,"column":29}},"type":"cond-expr","locations":[{"start":{"line":8,"column":27},"end":{"line":8,"column":29}},{"start":{"line":8,"column":21},"end":{"line":8,"column":39}}]},"2":{"loc":{"start":{"line":8,"column":21},"end":{"line":8,"column":29}},"type":"binary-expr","locations":[{"start":{"line":8,"column":21},"end":{"line":8,"column":29}},{"start":{"line":8,"column":21},"end":{"line":8,"column":29}}]},"3":{"loc":{"start":{"line":9,"column":18},"end":{"line":9,"column":33}},"type":"binary-expr","locations":[{"start":{"line":9,"column":18},"end":{"line":9,"column":33}},{"start":{"line":9,"column":37},"end":{"line":9,"column":50}}]},"4":{"loc":{"start":{"line":9,"column":24},"end":{"line":9,"column":26}},"type":"cond-expr","locations":[{"start":{"line":9,"column":24},"end":{"line":9,"column":26}},{"start":{"line":9,"column":18},"end":{"line":9,"column":33}}]},"5":{"loc":{"start":{"line":9,"column":18},"end":{"line":9,"column":26}},"type":"binary-expr","locations":[{"start":{"line":9,"column":18},"end":{"line":9,"column":26}},{"start":{"line":9,"column":18},"end":{"line":9,"column":26}}]},"6":{"loc":{"start":{"line":14,"column":11},"end":{"line":14,"column":14}},"type":"cond-expr","locations":[{"start":{"line":14,"column":11},"end":{"line":14,"column":14}},{"start":{"line":14,"column":4},"end":{"line":14,"column":19}}]},"7":{"loc":{"start":{"line":14,"column":4},"end":{"line":14,"column":14}},"type":"binary-expr","locations":[{"start":{"line":14,"column":4},"end":{"line":14,"column":14}},{"start":{"line":14,"column":4},"end":{"line":14,"column":14}}]}},"s":{"0":0,"1":0,"2":0,"3":0,"4":0,"5":0,"6":0,"7":0},"f":{"0":0},"b":{"0":[0,0],"1":[0,0],"2":[0,0],"3":[0,0],"4":[0,0],"5":[0,0],"6":[0,0],"7":[0,0]}}
,"/Users/fabrizioarmandovitale/Documents/code/storage/src/providers.ts": {"path":"/Users/fabrizioarmandovitale/Documents/code/storage/src/providers.ts","statementMap":{"0":{"start":{"line":1,"column":0},"end":{"line":1,"column":39}},"1":{"start":{"line":4,"column":2},"end":{"line":4,"column":38}},"2":{"start":{"line":3,"column":0},"end":{"line":3,"column":16}},"3":{"start":{"line":8,"column":2},"end":{"line":8,"column":40}},"4":{"start":{"line":7,"column":0},"end":{"line":7,"column":16}}},"fnMap":{"0":{"name":"getLocalStorage","decl":{"start":{"line":3,"column":16},"end":{"line":3,"column":31}},"loc":{"start":{"line":3,"column":31},"end":{"line":5,"column":1}}},"1":{"name":"getSessionStorage","decl":{"start":{"line":7,"column":16},"end":{"line":7,"column":33}},"loc":{"start":{"line":7,"column":33},"end":{"line":9,"column":1}}}},"branchMap":{},"s":{"0":0,"1":0,"2":0,"3":0,"4":0},"f":{"0":0,"1":0},"b":{}}
,"/Users/fabrizioarmandovitale/Documents/code/storage/src/removeItem.ts": {"path":"/Users/fabrizioarmandovitale/Documents/code/storage/src/removeItem.ts","statementMap":{"0":{"start":{"line":2,"column":0},"end":{"line":2,"column":46}},"1":{"start":{"line":5,"column":21},"end":{"line":5,"column":58}},"2":{"start":{"line":6,"column":18},"end":{"line":6,"column":50}},"3":{"start":{"line":8,"column":2},"end":{"line":14,"column":null}},"4":{"start":{"line":9,"column":20},"end":{"line":9,"column":35}},"5":{"start":{"line":11,"column":4},"end":{"line":11,"column":28}},"6":{"start":{"line":13,"column":4},"end":{"line":13,"column":19}},"7":{"start":{"line":4,"column":0},"end":{"line":4,"column":16}}},"fnMap":{"0":{"name":"removeItem","decl":{"start":{"line":4,"column":16},"end":{"line":4,"column":26}},"loc":{"start":{"line":4,"column":71},"end":{"line":15,"column":1}}}},"branchMap":{"0":{"loc":{"start":{"line":5,"column":21},"end":{"line":5,"column":39}},"type":"binary-expr","locations":[{"start":{"line":5,"column":21},"end":{"line":5,"column":39}},{"start":{"line":5,"column":43},"end":{"line":5,"column":58}}]},"1":{"loc":{"start":{"line":5,"column":27},"end":{"line":5,"column":29}},"type":"cond-expr","locations":[{"start":{"line":5,"column":27},"end":{"line":5,"column":29}},{"start":{"line":5,"column":21},"end":{"line":5,"column":39}}]},"2":{"loc":{"start":{"line":5,"column":21},"end":{"line":5,"column":29}},"type":"binary-expr","locations":[{"start":{"line":5,"column":21},"end":{"line":5,"column":29}},{"start":{"line":5,"column":21},"end":{"line":5,"column":29}}]},"3":{"loc":{"start":{"line":6,"column":18},"end":{"line":6,"column":33}},"type":"binary-expr","locations":[{"start":{"line":6,"column":18},"end":{"line":6,"column":33}},{"start":{"line":6,"column":37},"end":{"line":6,"column":50}}]},"4":{"loc":{"start":{"line":6,"column":24},"end":{"line":6,"column":26}},"type":"cond-expr","locations":[{"start":{"line":6,"column":24},"end":{"line":6,"column":26}},{"start":{"line":6,"column":18},"end":{"line":6,"column":33}}]},"5":{"loc":{"start":{"line":6,"column":18},"end":{"line":6,"column":26}},"type":"binary-expr","locations":[{"start":{"line":6,"column":18},"end":{"line":6,"column":26}},{"start":{"line":6,"column":18},"end":{"line":6,"column":26}}]},"6":{"loc":{"start":{"line":13,"column":11},"end":{"line":13,"column":14}},"type":"cond-expr","locations":[{"start":{"line":13,"column":11},"end":{"line":13,"column":14}},{"start":{"line":13,"column":4},"end":{"line":13,"column":19}}]},"7":{"loc":{"start":{"line":13,"column":4},"end":{"line":13,"column":14}},"type":"binary-expr","locations":[{"start":{"line":13,"column":4},"end":{"line":13,"column":14}},{"start":{"line":13,"column":4},"end":{"line":13,"column":14}}]}},"s":{"0":0,"1":0,"2":0,"3":0,"4":0,"5":0,"6":0,"7":0},"f":{"0":0},"b":{"0":[0,0],"1":[0,0],"2":[0,0],"3":[0,0],"4":[0,0],"5":[0,0],"6":[0,0],"7":[0,0]}}
,"/Users/fabrizioarmandovitale/Documents/code/storage/src/setItem.ts": {"path":"/Users/fabrizioarmandovitale/Documents/code/storage/src/setItem.ts","statementMap":{"0":{"start":{"line":2,"column":0},"end":{"line":2,"column":46}},"1":{"start":{"line":5,"column":21},"end":{"line":5,"column":58}},"2":{"start":{"line":6,"column":20},"end":{"line":6,"column":55}},"3":{"start":{"line":7,"column":18},"end":{"line":7,"column":50}},"4":{"start":{"line":9,"column":2},"end":{"line":17,"column":null}},"5":{"start":{"line":10,"column":20},"end":{"line":10,"column":35}},"6":{"start":{"line":12,"column":23},"end":{"line":12,"column":39}},"7":{"start":{"line":14,"column":4},"end":{"line":14,"column":37}},"8":{"start":{"line":16,"column":4},"end":{"line":16,"column":19}},"9":{"start":{"line":4,"column":0},"end":{"line":4,"column":16}}},"fnMap":{"0":{"name":"setItem","decl":{"start":{"line":4,"column":16},"end":{"line":4,"column":23}},"loc":{"start":{"line":4,"column":75},"end":{"line":18,"column":1}}}},"branchMap":{"0":{"loc":{"start":{"line":5,"column":21},"end":{"line":5,"column":39}},"type":"binary-expr","locations":[{"start":{"line":5,"column":21},"end":{"line":5,"column":39}},{"start":{"line":5,"column":43},"end":{"line":5,"column":58}}]},"1":{"loc":{"start":{"line":5,"column":27},"end":{"line":5,"column":29}},"type":"cond-expr","locations":[{"start":{"line":5,"column":27},"end":{"line":5,"column":29}},{"start":{"line":5,"column":21},"end":{"line":5,"column":39}}]},"2":{"loc":{"start":{"line":5,"column":21},"end":{"line":5,"column":29}},"type":"binary-expr","locations":[{"start":{"line":5,"column":21},"end":{"line":5,"column":29}},{"start":{"line":5,"column":21},"end":{"line":5,"column":29}}]},"3":{"loc":{"start":{"line":6,"column":20},"end":{"line":6,"column":37}},"type":"binary-expr","locations":[{"start":{"line":6,"column":20},"end":{"line":6,"column":37}},{"start":{"line":6,"column":41},"end":{"line":6,"column":55}}]},"4":{"loc":{"start":{"line":6,"column":26},"end":{"line":6,"column":28}},"type":"cond-expr","locations":[{"start":{"line":6,"column":26},"end":{"line":6,"column":28}},{"start":{"line":6,"column":20},"end":{"line":6,"column":37}}]},"5":{"loc":{"start":{"line":6,"column":20},"end":{"line":6,"column":28}},"type":"binary-expr","locations":[{"start":{"line":6,"column":20},"end":{"line":6,"column":28}},{"start":{"line":6,"column":20},"end":{"line":6,"column":28}}]},"6":{"loc":{"start":{"line":7,"column":18},"end":{"line":7,"column":33}},"type":"binary-expr","locations":[{"start":{"line":7,"column":18},"end":{"line":7,"column":33}},{"start":{"line":7,"column":37},"end":{"line":7,"column":50}}]},"7":{"loc":{"start":{"line":7,"column":24},"end":{"line":7,"column":26}},"type":"cond-expr","locations":[{"start":{"line":7,"column":24},"end":{"line":7,"column":26}},{"start":{"line":7,"column":18},"end":{"line":7,"column":33}}]},"8":{"loc":{"start":{"line":7,"column":18},"end":{"line":7,"column":26}},"type":"binary-expr","locations":[{"start":{"line":7,"column":18},"end":{"line":7,"column":26}},{"start":{"line":7,"column":18},"end":{"line":7,"column":26}}]},"9":{"loc":{"start":{"line":16,"column":11},"end":{"line":16,"column":14}},"type":"cond-expr","locations":[{"start":{"line":16,"column":11},"end":{"line":16,"column":14}},{"start":{"line":16,"column":4},"end":{"line":16,"column":19}}]},"10":{"loc":{"start":{"line":16,"column":4},"end":{"line":16,"column":14}},"type":"binary-expr","locations":[{"start":{"line":16,"column":4},"end":{"line":16,"column":14}},{"start":{"line":16,"column":4},"end":{"line":16,"column":14}}]}},"s":{"0":0,"1":0,"2":0,"3":0,"4":0,"5":0,"6":0,"7":0,"8":0,"9":0},"f":{"0":0},"b":{"0":[0,0],"1":[0,0],"2":[0,0],"3":[0,0],"4":[0,0],"5":[0,0],"6":[0,0],"7":[0,0],"8":[0,0],"9":[0,0],"10":[0,0]}}
,"/Users/fabrizioarmandovitale/Documents/code/storage/src/util.ts": {"path":"/Users/fabrizioarmandovitale/Documents/code/storage/src/util.ts","statementMap":{"0":{"start":{"line":2,"column":2},"end":{"line":8,"column":null}},"1":{"start":{"line":3,"column":4},"end":{"line":3,"column":22}},"2":{"start":{"line":4,"column":9},"end":{"line":8,"column":null}},"3":{"start":{"line":5,"column":4},"end":{"line":5,"column":16}},"4":{"start":{"line":7,"column":4},"end":{"line":7,"column":18}},"5":{"start":{"line":1,"column":0},"end":{"line":1,"column":16}}},"fnMap":{"0":{"name":"getGlobalThis","decl":{"start":{"line":1,"column":16},"end":{"line":1,"column":29}},"loc":{"start":{"line":1,"column":29},"end":{"line":9,"column":1}}}},"branchMap":{"0":{"loc":{"start":{"line":2,"column":2},"end":{"line":8,"column":null}},"type":"if","locations":[{"start":{"line":2,"column":2},"end":{"line":8,"column":null}},{"start":{"line":2,"column":2},"end":{"line":8,"column":null}}]},"1":{"loc":{"start":{"line":4,"column":9},"end":{"line":8,"column":null}},"type":"if","locations":[{"start":{"line":4,"column":9},"end":{"line":8,"column":null}},{"start":{"line":4,"column":9},"end":{"line":8,"column":null}}]}},"s":{"0":0,"1":0,"2":0,"3":0,"4":0,"5":0},"f":{"0":0},"b":{"0":[0,0],"1":[0,0]}}
}
